{
  "header" : {
    "apiVersion" : "v1",
    "code" : "200",
    "service" : "submitterportal",
    "developerMessage" : "",
    "userMessage" : "OK",
    "errorCode" : "1",
    "docLink" : "https://ega-archive.org",
    "errorStack" : ""
  },
  "response" : {
    "numTotalResults" : 1,
    "resultType" : "eu.crg.ega.microservice.dto.submitter.DacData",
    "result" : [ {
      "xmlRootElement" : {
        "dac" : [ {
          "identifiers" : null,
          "alias" : "c9f98203-9b97-41bc-b2e4-a12189b0f8cd",
          "centerName" : "PoliTO",
          "brokerName" : "EGA",
          "accession" : null,
          "title" : "RNAsequencing of large collection of metastatic colorectal cancer xenografts",
          "contacts" : {
            "contact" : [ {
              "name" : "Livio Trusolino",
              "email" : "livio.trusolino@ircc.it",
              "telephoneNumber" : "",
              "organisation" : "IRCCS - Candiolo Institute",
              "mainContact" : true
            } ]
          },
          "daclinks" : null,
          "dacattributes" : null
        } ]
      },
      "title" : "RNAsequencing of large collection of metastatic colorectal cancer xenografts",
      "contacts" : [ {
        "contactName" : "Livio Trusolino",
        "email" : "livio.trusolino@ircc.it",
        "organisation" : "IRCCS - Candiolo Institute",
        "phoneNumber" : "",
        "mainContact" : true
      } ],
      "id" : "618a719b98e2520001077ffc",
      "ebiId" : null,
      "submissionId" : "617958e198e252000177783e",
      "eraSubmissionId" : null,
      "userId" : "4b9029b0-88a8-4f89-b96c-29ebb7c6de3e",
      "submitterId" : "ega-box-1923",
      "status" : "DRAFT",
      "version" : 1,
      "creationTime" : 1636463003570,
      "editionTime" : null,
      "firstPublic" : null,
      "submissionCommandIds" : null,
      "validationErrorMessages" : null,
      "submissionInfoMessages" : null,
      "submissionErrorMessages" : null,
      "validationResult" : false,
      "ebiSubmissionDetailsIds" : null,
      "lastEbiSubmissionDetailsId" : null,
      "xml" : "<?xml version=\"1.0\" encoding=\"UTF-8\" standalone=\"yes\"?>\n<DAC_SET>\n    <DAC alias=\"c9f98203-9b97-41bc-b2e4-a12189b0f8cd\" center_name=\"PoliTO\" broker_name=\"EGA\">\n        <TITLE>RNAsequencing of large collection of metastatic colorectal cancer xenografts</TITLE>\n        <CONTACTS>\n            <CONTACT name=\"Livio Trusolino\" email=\"livio.trusolino@ircc.it\" telephone_number=\"\" organisation=\"IRCCS - Candiolo Institute\" main_contact=\"true\"/>\n        </CONTACTS>\n    </DAC>\n</DAC_SET>\n",
      "json" : "{\n  \"xmlRootElement\" : null,\n  \"title\" : \"RNAsequencing of large collection of metastatic colorectal cancer xenografts\",\n  \"contacts\" : [ {\n    \"contactName\" : \"Livio Trusolino\",\n    \"email\" : \"livio.trusolino@ircc.it\",\n    \"organisation\" : \"IRCCS - Candiolo Institute\",\n    \"phoneNumber\" : \"\",\n    \"mainContact\" : true\n  } ],\n  \"id\" : null,\n  \"ebiId\" : null,\n  \"submissionId\" : null,\n  \"eraSubmissionId\" : null,\n  \"userId\" : null,\n  \"submitterId\" : null,\n  \"status\" : null,\n  \"version\" : 1,\n  \"creationTime\" : null,\n  \"editionTime\" : null,\n  \"firstPublic\" : null,\n  \"submissionCommandIds\" : [ \"618a719b98e2520001077ffb\" ],\n  \"validationErrorMessages\" : null,\n  \"submissionInfoMessages\" : null,\n  \"submissionErrorMessages\" : null,\n  \"validationResult\" : false,\n  \"ebiSubmissionDetailsIds\" : null,\n  \"lastEbiSubmissionDetailsId\" : null,\n  \"xml\" : null,\n  \"json\" : null,\n  \"alias\" : \"c9f98203-9b97-41bc-b2e4-a12189b0f8cd\",\n  \"egaAccessionId\" : null,\n  \"centerName\" : null\n}",
      "alias" : "c9f98203-9b97-41bc-b2e4-a12189b0f8cd",
      "egaAccessionId" : null,
      "centerName" : "PoliTO"
    } ]
  }
}