{
  "header" : {
    "apiVersion" : "v1",
    "code" : "200",
    "service" : "submitterportal",
    "developerMessage" : "",
    "userMessage" : "OK",
    "errorCode" : "1",
    "docLink" : "https://ega-archive.org",
    "errorStack" : ""
  },
  "response" : {
    "numTotalResults" : 1,
    "resultType" : "eu.crg.ega.microservice.dto.submitter.DatasetData",
    "result" : [ {
      "xmlRootElement" : {
        "dataset" : [ {
          "identifiers" : null,
          "alias" : "aa6e4d63-9211-40ce-aa86-8e8724a692aa",
          "centerName" : "PoliTO",
          "brokerName" : "EGA",
          "accession" : null,
          "title" : "RNAsequencing of large collection of metastatic colorectal cancer xenografts",
          "description" : "PDX classification on cetuximab response",
          "datasettype" : [ "TRANSCRIPTOME_PROFILING_BY_HIGH_THROUGHPUT_SEQUENCING" ],
          "runref" : [ ],
          "analysisref" : [ ],
          "policyref" : {
            "identifiers" : null,
            "refname" : "82cee0be-98e3-4f08-a9e1-cb2ace1f02e9",
            "refcenter" : null,
            "accession" : null
          },
          "datasetlinks" : {
            "datasetlink" : [ {
              "urllink" : {
                "label" : "",
                "url" : ""
              },
              "xreflink" : null,
              "entrezlink" : null
            } ]
          },
          "datasetattributes" : {
            "datasetattribute" : [ {
              "tag" : "",
              "value" : "",
              "units" : null
            } ]
          }
        } ]
      },
      "datasetTypeIds" : [ "3" ],
      "datasetTypes" : [ "Transcriptome profiling by high-throughput sequencing" ],
      "policyId" : "618a6dc298e2520001077ff6",
      "runsReferences" : [ ],
      "analysisReferences" : [ ],
      "title" : "RNAsequencing of large collection of metastatic colorectal cancer xenografts",
      "description" : "PDX classification on cetuximab response",
      "datasetLinks" : [ {
        "label" : "",
        "url" : ""
      } ],
      "attributes" : [ {
        "tag" : "",
        "value" : "",
        "label" : null,
        "unit" : null,
        "group" : null
      } ],
      "id" : "618a6fe398e2520001077ff8",
      "ebiId" : null,
      "submissionId" : "617958e198e252000177783e",
      "eraSubmissionId" : null,
      "userId" : "4b9029b0-88a8-4f89-b96c-29ebb7c6de3e",
      "submitterId" : "ega-box-1923",
      "status" : "DRAFT",
      "version" : 1,
      "creationTime" : 1636462563803,
      "editionTime" : null,
      "firstPublic" : null,
      "submissionCommandIds" : null,
      "validationErrorMessages" : null,
      "submissionInfoMessages" : null,
      "submissionErrorMessages" : null,
      "validationResult" : false,
      "ebiSubmissionDetailsIds" : null,
      "lastEbiSubmissionDetailsId" : null,
      "xml" : "<?xml version=\"1.0\" encoding=\"UTF-8\" standalone=\"yes\"?>\n<DATASETS>\n    <DATASET alias=\"aa6e4d63-9211-40ce-aa86-8e8724a692aa\" center_name=\"PoliTO\" broker_name=\"EGA\">\n        <TITLE>RNAsequencing of large collection of metastatic colorectal cancer xenografts</TITLE>\n        <DESCRIPTION>PDX classification on cetuximab response</DESCRIPTION>\n        <DATASET_TYPE>Transcriptome profiling by high-throughput sequencing</DATASET_TYPE>\n        <POLICY_REF refname=\"82cee0be-98e3-4f08-a9e1-cb2ace1f02e9\"/>\n        <DATASET_LINKS>\n            <DATASET_LINK>\n                <URL_LINK>\n                    <LABEL></LABEL>\n                    <URL></URL>\n                </URL_LINK>\n            </DATASET_LINK>\n        </DATASET_LINKS>\n        <DATASET_ATTRIBUTES>\n            <DATASET_ATTRIBUTE>\n                <TAG></TAG>\n                <VALUE></VALUE>\n            </DATASET_ATTRIBUTE>\n        </DATASET_ATTRIBUTES>\n    </DATASET>\n</DATASETS>\n",
      "json" : "{\n  \"xmlRootElement\" : null,\n  \"datasetTypeIds\" : [ \"3\" ],\n  \"datasetTypes\" : [ \"Transcriptome profiling by high-throughput sequencing\" ],\n  \"policyId\" : \"618a6dc298e2520001077ff6\",\n  \"runsReferences\" : [ ],\n  \"analysisReferences\" : [ ],\n  \"title\" : \"RNAsequencing of large collection of metastatic colorectal cancer xenografts\",\n  \"description\" : \"PDX classification on cetuximab response\",\n  \"datasetLinks\" : [ {\n    \"label\" : \"\",\n    \"url\" : \"\"\n  } ],\n  \"attributes\" : [ {\n    \"tag\" : \"\",\n    \"value\" : \"\",\n    \"label\" : null,\n    \"unit\" : null,\n    \"group\" : null\n  } ],\n  \"id\" : null,\n  \"ebiId\" : null,\n  \"submissionId\" : null,\n  \"eraSubmissionId\" : null,\n  \"userId\" : null,\n  \"submitterId\" : null,\n  \"status\" : null,\n  \"version\" : 1,\n  \"creationTime\" : null,\n  \"editionTime\" : null,\n  \"firstPublic\" : null,\n  \"submissionCommandIds\" : [ \"618a6fe398e2520001077ff7\" ],\n  \"validationErrorMessages\" : null,\n  \"submissionInfoMessages\" : null,\n  \"submissionErrorMessages\" : null,\n  \"validationResult\" : false,\n  \"ebiSubmissionDetailsIds\" : null,\n  \"lastEbiSubmissionDetailsId\" : null,\n  \"xml\" : null,\n  \"json\" : null,\n  \"alias\" : \"aa6e4d63-9211-40ce-aa86-8e8724a692aa\",\n  \"egaAccessionId\" : null,\n  \"centerName\" : null\n}",
      "alias" : "aa6e4d63-9211-40ce-aa86-8e8724a692aa",
      "egaAccessionId" : null,
      "centerName" : "PoliTO"
    } ]
  }
}