{
  "header" : {
    "apiVersion" : "v1",
    "code" : "200",
    "service" : "submitterportal",
    "developerMessage" : "",
    "userMessage" : "OK",
    "errorCode" : "1",
    "docLink" : "https://ega-archive.org",
    "errorStack" : ""
  },
  "response" : {
    "numTotalResults" : 1,
    "resultType" : "eu.crg.ega.microservice.dto.submitter.PolicyData",
    "result" : [ {
      "xmlRootElement" : {
        "policy" : [ {
          "identifiers" : null,
          "alias" : "0827c179-6d13-418d-a49b-a2520171371d",
          "centerName" : "PoliTO",
          "brokerName" : "EGA",
          "accession" : null,
          "title" : "RNAsequencing of large collection of metastatic colorectal cancer xenografts",
          "dacref" : {
            "identifiers" : null,
            "refname" : "c9f98203-9b97-41bc-b2e4-a12189b0f8cd",
            "refcenter" : null,
            "accession" : null
          },
          "policytext" : "Here something to write",
          "policyfile" : null,
          "policylinks" : null,
          "policyattributes" : null
        } ]
      },
      "dacId" : "618a719b98e2520001077ffc",
      "title" : "RNAsequencing of large collection of metastatic colorectal cancer xenografts",
      "policyText" : "Here something to write",
      "url" : "",
      "id" : "618a724398e2520001078000",
      "ebiId" : null,
      "submissionId" : "617958e198e252000177783e",
      "eraSubmissionId" : null,
      "userId" : "4b9029b0-88a8-4f89-b96c-29ebb7c6de3e",
      "submitterId" : "ega-box-1923",
      "status" : "DRAFT",
      "version" : 1,
      "creationTime" : 1636463171714,
      "editionTime" : null,
      "firstPublic" : null,
      "submissionCommandIds" : null,
      "validationErrorMessages" : null,
      "submissionInfoMessages" : null,
      "submissionErrorMessages" : null,
      "validationResult" : false,
      "ebiSubmissionDetailsIds" : null,
      "lastEbiSubmissionDetailsId" : null,
      "xml" : "<?xml version=\"1.0\" encoding=\"UTF-8\" standalone=\"yes\"?>\n<POLICY_SET>\n    <POLICY alias=\"0827c179-6d13-418d-a49b-a2520171371d\" center_name=\"PoliTO\" broker_name=\"EGA\">\n        <TITLE>RNAsequencing of large collection of metastatic colorectal cancer xenografts</TITLE>\n        <DAC_REF refname=\"c9f98203-9b97-41bc-b2e4-a12189b0f8cd\"/>\n        <POLICY_TEXT>Here something to write</POLICY_TEXT>\n    </POLICY>\n</POLICY_SET>\n",
      "json" : "{\n  \"xmlRootElement\" : null,\n  \"dacId\" : \"618a719b98e2520001077ffc\",\n  \"title\" : \"RNAsequencing of large collection of metastatic colorectal cancer xenografts\",\n  \"policyText\" : \"Here something to write\",\n  \"url\" : \"\",\n  \"id\" : null,\n  \"ebiId\" : null,\n  \"submissionId\" : null,\n  \"eraSubmissionId\" : null,\n  \"userId\" : null,\n  \"submitterId\" : null,\n  \"status\" : null,\n  \"version\" : 1,\n  \"creationTime\" : null,\n  \"editionTime\" : null,\n  \"firstPublic\" : null,\n  \"submissionCommandIds\" : [ \"618a724398e2520001077fff\" ],\n  \"validationErrorMessages\" : null,\n  \"submissionInfoMessages\" : null,\n  \"submissionErrorMessages\" : null,\n  \"validationResult\" : false,\n  \"ebiSubmissionDetailsIds\" : null,\n  \"lastEbiSubmissionDetailsId\" : null,\n  \"xml\" : null,\n  \"json\" : null,\n  \"alias\" : \"0827c179-6d13-418d-a49b-a2520171371d\",\n  \"egaAccessionId\" : null,\n  \"centerName\" : null\n}",
      "alias" : "0827c179-6d13-418d-a49b-a2520171371d",
      "egaAccessionId" : null,
      "centerName" : "PoliTO"
    } ]
  }
}