{
  "header" : {
    "apiVersion" : "v1",
    "code" : "200",
    "service" : "submitterportal",
    "developerMessage" : "",
      "userMessage" : "OK",
      "errorCode" : "1",
    "docLink" : "https://ega-archive.org",
    "errorStack" : ""
  },
  "response" : {
    "numTotalResults" : 1,
    "resultType" : "eu.crg.ega.microservice.dto.submitter.StudyData",
    "result" : [ {
      "xmlRootElement" : {
        "study" : [ {
          "identifiers" : null,
          "alias" : "2cdd4ebf-2846-413b-9420-e6c50b2b4ee5",
          "centerName" : "PoliTO",
          "brokerName" : "EGA",
          "accession" : null,
          "descriptor" : {
            "studytitle" : "RNAsequencing of large collection of metastatic colorectal cancer xenografts",
            "studytype" : {
              "existingStudyType" : "RNA_SEQ",
              "newStudyType" : null
            },
            "studyabstract" : "long story short",
            "centername" : null,
            "centerprojectname" : null,
            "projectid" : null,
            "relatedstudies" : null,
            "studydescription" : null
          },
          "studylinks" : null,
          "studyattributes" : {
            "studyattribute" : [ {
              "tag" : "",
              "value" : "",
              "units" : null
            } ]
          }
        } ]
      },
      "studyTypeId" : "10",
      "studyType" : "RNASeq",
      "shortName" : "",
      "title" : "RNAsequencing of large collection of metastatic colorectal cancer xenografts",
      "studyAbstract" : "long story short",
      "ownTerm" : "",
      "pubMedIds" : [ ],
      "customTags" : [ {
        "tag" : "",
        "value" : "",
        "label" : null,
        "unit" : null,
        "group" : null
      } ],
      "id" : "617979b898e2520001779ac1",
      "ebiId" : null,
      "submissionId" : "617958e198e252000177783e",
      "eraSubmissionId" : null,
      "userId" : "4b9029b0-88a8-4f89-b96c-29ebb7c6de3e",
      "submitterId" : "ega-box-1923",
      "status" : "DRAFT",
      "version" : 1,
      "creationTime" : 1635350968820,
      "editionTime" : null,
      "firstPublic" : null,
      "submissionCommandIds" : null,
      "validationErrorMessages" : null,
      "submissionInfoMessages" : null,
      "submissionErrorMessages" : null,
      "validationResult" : false,
      "ebiSubmissionDetailsIds" : null,
      "lastEbiSubmissionDetailsId" : null,
      "xml" : "<?xml version=\"1.0\" encoding=\"UTF-8\" standalone=\"yes\"?>\n<STUDY_SET>\n    <STUDY alias=\"2cdd4ebf-2846-413b-9420-e6c50b2b4ee5\" center_name=\"PoliTO\" broker_name=\"EGA\">\n        <DESCRIPTOR>\n            <STUDY_TITLE>RNAsequencing of large collection of metastatic colorectal cancer xenografts</STUDY_TITLE>\n            <STUDY_TYPE existing_study_type=\"RNASeq\"/>\n            <STUDY_ABSTRACT>long story short</STUDY_ABSTRACT>\n        </DESCRIPTOR>\n        <STUDY_ATTRIBUTES>\n            <STUDY_ATTRIBUTE>\n                <TAG></TAG>\n                <VALUE></VALUE>\n            </STUDY_ATTRIBUTE>\n        </STUDY_ATTRIBUTES>\n    </STUDY>\n</STUDY_SET>\n",
      "json" : "{\n  \"xmlRootElement\" : null,\n  \"studyTypeId\" : \"10\",\n  \"studyType\" : \"RNASeq\",\n  \"shortName\" : \"\",\n  \"title\" : \"RNAsequencing of large collection of metastatic colorectal cancer xenografts\",\n  \"studyAbstract\" : \"long story short\",\n  \"ownTerm\" : \"\",\n  \"pubMedIds\" : [ ],\n  \"customTags\" : [ {\n    \"tag\" : \"\",\n    \"value\" : \"\",\n    \"label\" : null,\n    \"unit\" : null,\n    \"group\" : null\n  } ],\n  \"id\" : null,\n  \"ebiId\" : null,\n  \"submissionId\" : null,\n  \"eraSubmissionId\" : null,\n  \"userId\" : null,\n  \"submitterId\" : null,\n  \"status\" : null,\n  \"version\" : 1,\n  \"creationTime\" : null,\n  \"editionTime\" : null,\n  \"firstPublic\" : null,\n  \"submissionCommandIds\" : [ \"617979b898e2520001779ac0\" ],\n  \"validationErrorMessages\" : null,\n  \"submissionInfoMessages\" : null,\n  \"submissionErrorMessages\" : null,\n  \"validationResult\" : false,\n  \"ebiSubmissionDetailsIds\" : null,\n  \"lastEbiSubmissionDetailsId\" : null,\n  \"xml\" : null,\n  \"json\" : null,\n  \"alias\" : \"2cdd4ebf-2846-413b-9420-e6c50b2b4ee5\",\n  \"egaAccessionId\" : null,\n  \"centerName\" : null\n}",
      "alias" : "2cdd4ebf-2846-413b-9420-e6c50b2b4ee5",
      "egaAccessionId" : null,
      "centerName" : "PoliTO"
    } ]
  }
}
