{
  "header" : {
    "apiVersion" : "v1",
    "code" : "200",
    "service" : "submitterportal",
    "developerMessage" : "",
    "userMessage" : "OK",
    "errorCode" : "1",
    "docLink" : "https://ega-archive.org",
    "errorStack" : ""
  },
  "response" : {
    "numTotalResults" : 1,
    "resultType" : "eu.crg.ega.microservice.dto.submitter.SubmissionData",
    "result" : [ {
      "id" : "617958e198e252000177783e",
      "ebiId" : null,
      "userId" : "4b9029b0-88a8-4f89-b96c-29ebb7c6de3e",
      "submitterId" : "ega-box-1923",
      "status" : "DRAFT",
      "version" : 1,
      "creationTime" : 1635342561809,
      "editionTime" : null,
      "validationInfo" : null,
      "validationError" : null,
      "ebiSubmissionDetailsIds" : null,
      "lastEbiSubmissionDetailsId" : null,
      "validationResult" : false,
      "alias" : "b872823d-0518-4693-9210-6848bb8fb2d9",
      "egaAccessionIds" : null,
      "egaAccessionId" : null,
      "title" : "RNAsequencing of large collection of metastatic colorectal cancer xenografts",
      "description" : "PDX classification on cetuximab response",
      "analysisIds" : null,
      "dacIds" : null,
      "datasetIds" : null,
      "experimentIds" : null,
      "policyIds" : null,
      "sampleIds" : null,
      "studyIds" : null,
      "runIds" : null,
      "centerName" : "PoliTO",
      "xml" : null,
      "json" : null,
      "submissionProjectId" : null,
      "submissionSubset" : null
    } ]
  }
}