{
  "header" : {
    "apiVersion" : "v1",
    "code" : "200",
    "service" : "submitterportal",
    "developerMessage" : "",
    "userMessage" : "OK",
    "errorCode" : "1",
    "docLink" : "https://ega-archive.org",
    "errorStack" : ""
  },
  "response" : {
    "numTotalResults" : 1,
    "resultType" : "eu.crg.ega.microservice.dto.auth.SessionUser",
    "result" : [ {
      "user" : {
        "authorities" : [ {
          "authority" : "ROLE_SUBMITTER"
        }, {
          "authority" : "ROLE_FTP"
        } ],
        "userId" : "4b9029b0-88a8-4f89-b96c-29ebb7c6de3e",
        "username" : "ega-box-1923",
        "password" : null,
        "fullName" : null,
        "email" : null,
        "institute" : null,
        "telephone" : null,
        "fax" : null,
        "address" : null,
        "loginType" : "SUBMITTER",
        "enabled" : true,
        "credentialsNonExpired" : true,
        "accountNonLocked" : true,
        "accountNonExpired" : true,
        "postgresSubmitterUser" : {
          "dirName" : null,
          "auditOsuser" : null,
          "auditTime" : null,
          "auditUser" : null,
          "centerName" : "PoliTO",
          "submissionAccountId" : "EGAB00000002385",
          "password" : null
        },
        "mongoInternalUser" : null,
        "drupalRequesterUser" : null,
        "ftpUsers" : null,
        "localEgas" : [ ]
      },
      "session" : {
        "sessionToken" : "e51ac8b6-4d70-40f1-82cf-a885b1684ba0",
        "expeditionTime" : 1647341301619,
        "expirationTime" : 1647343221619,
        "method" : "N/A",
        "ipAddress" : "192.168.110.47",
        "latestLogin" : 1647337521554
      }
    } ]
  }
}